0 verbose cli [ '/usr/bin/node', '/usr/bin/npm', 'fund' ]
1 info using npm@8.5.0
2 info using node@v16.14.2
3 timing npm:load:whichnode Completed in 0ms
4 timing config:load:defaults Completed in 5ms
5 timing config:load:file:/usr/lib/node_modules/npm/npmrc Completed in 3ms
6 timing config:load:builtin Completed in 3ms
7 timing config:load:cli Completed in 3ms
8 timing config:load:env Completed in 1ms
9 timing config:load:project Completed in 19ms
10 timing config:load:file:/var/www/html/.npmrc Completed in 0ms
11 timing config:load:user Completed in 1ms
12 timing config:load:file:/usr/etc/npmrc Completed in 1ms
13 timing config:load:global Completed in 1ms
14 timing config:load:validate Completed in 1ms
15 timing config:load:credentials Completed in 3ms
16 timing config:load:setEnvs Completed in 2ms
17 timing config:load Completed in 42ms
18 timing npm:load:configload Completed in 42ms
19 timing npm:load:setTitle Completed in 1ms
20 timing config:load:flatten Completed in 7ms
21 timing npm:load:display Completed in 12ms
22 verbose logfile /var/www/html/.npm/_logs/2022-04-21T18_18_29_628Z-debug-0.log
23 timing npm:load:logFile Completed in 20ms
24 timing npm:load:timers Completed in 0ms
25 timing npm:load:configScope Completed in 0ms
26 timing npm:load Completed in 77ms
27 timing arborist:ctor Completed in 1ms
28 timing arborist:ctor Completed in 0ms
29 timing command:fund Completed in 1416ms
30 verbose exit 0
31 timing npm Completed in 2072ms
32 info ok
